###############################################################
#  Generated by:      Cadence Innovus 20.14-s095_1
#  OS:                Linux x86_64(Host ID vlsi-3.iiitk.ac.in)
#  Generated on:      Sun Jun 14 11:48:21 2026
#  Design:            ecc_engine
#  Command:           report_timing -late > reports/postCTS_setup.rpt
###############################################################
Path 1: MET Setup Check with Pin data_out_reg[5]/CK 
Endpoint:   data_out_reg[5]/D        (^) checked with  leading edge of 'clk'
Beginpoint: s1_codeword_in_reg[61]/Q (^) triggered by  leading edge of 'clk'
Path Groups: {clk}
Analysis View: slow_view
Other End Arrival Time          0.186
- Setup                         0.083
+ Phase Shift                   2.000
= Required Time                 2.102
- Arrival Time                  2.102
= Slack Time                    0.000
     Clock Rise Edge                 0.000
     + Clock Network Latency (Prop)  0.206
     = Beginpoint Arrival Time       0.206
     +-------------------------------------------------------------------------------+ 
     |        Instance        |     Arc     |   Cell    | Delay | Arrival | Required | 
     |                        |             |           |       |  Time   |   Time   | 
     |------------------------+-------------+-----------+-------+---------+----------| 
     | s1_codeword_in_reg[61] | CK ^        |           |       |   0.206 |    0.206 | 
     | s1_codeword_in_reg[61] | CK ^ -> Q ^ | DFFRHQX4  | 0.317 |   0.523 |    0.524 | 
     | FE_RC_1217_0           | B ^ -> Y v  | NAND2X4   | 0.052 |   0.575 |    0.576 | 
     | FE_RC_1599_0           | B0 v -> Y ^ | OAI21X2   | 0.036 |   0.611 |    0.612 | 
     | g24426                 | A ^ -> Y v  | XNOR3X1   | 0.367 |   0.978 |    0.979 | 
     | g24425                 | B v -> Y v  | AND2X6    | 0.095 |   1.073 |    1.074 | 
     | FE_RC_45_0             | B v -> Y ^  | NOR2X8    | 0.071 |   1.144 |    1.144 | 
     | g20193__8428           | B ^ -> Y v  | NOR2X8    | 0.060 |   1.203 |    1.204 | 
     | FE_RC_757_0_dup        | B0 v -> Y ^ | AOI21X4   | 0.053 |   1.256 |    1.256 | 
     | g24209_dup             | B ^ -> Y ^  | CLKAND2X6 | 0.091 |   1.347 |    1.347 | 
     | g20115__5526           | B ^ -> Y v  | NOR2X8    | 0.039 |   1.387 |    1.387 | 
     | g20038__7482           | B v -> Y ^  | NOR2X8    | 0.057 |   1.443 |    1.444 | 
     | FE_OFC531_n_2060       | A ^ -> Y v  | CLKINVX4  | 0.057 |   1.501 |    1.501 | 
     | FE_RC_1129_0           | A1 v -> Y ^ | AOI21X4   | 0.062 |   1.562 |    1.563 | 
     | FE_OCPC300_n_2160      | A ^ -> Y v  | CLKINVX4  | 0.043 |   1.605 |    1.606 | 
     | g19895__6417           | A v -> Y ^  | NOR2X8    | 0.078 |   1.683 |    1.684 | 
     | FE_OFC142_n_2199_dup   | A ^ -> Y v  | CLKINVX4  | 0.061 |   1.745 |    1.745 | 
     | g19871__2802           | A v -> Y v  | CLKAND2X6 | 0.086 |   1.831 |    1.831 | 
     | g19864__6783           | A v -> Y ^  | NAND2X8   | 0.037 |   1.868 |    1.868 | 
     | g24201                 | B ^ -> Y ^  | CLKAND2X8 | 0.116 |   1.984 |    1.984 | 
     | FE_RC_1610_0           | A1 ^ -> Y v | OAI21X4   | 0.079 |   2.063 |    2.063 | 
     | FE_RC_1632_0           | C v -> Y ^  | NAND3X2   | 0.039 |   2.102 |    2.102 | 
     | data_out_reg[5]        | D ^         | DFFRHQX2  | 0.000 |   2.102 |    2.102 | 
     +-------------------------------------------------------------------------------+ 

