###############################################################
#  Generated by:      Cadence Innovus 20.14-s095_1
#  OS:                Linux x86_64(Host ID vlsi-3.iiitk.ac.in)
#  Generated on:      Sun Jun 14 11:48:45 2026
#  Design:            ecc_engine
#  Command:           report_timing -early > reports/postCTS_hold.rpt
###############################################################
Path 1: MET Hold Check with Pin valid_out_reg/CK 
Endpoint:   valid_out_reg/D (v) checked with  leading edge of 'clk'
Beginpoint: s1_valid_reg/Q  (v) triggered by  leading edge of 'clk'
Path Groups: {clk}
Analysis View: slow_view
Other End Arrival Time          0.201
+ Hold                          0.091
+ Phase Shift                   0.000
= Required Time                 0.293
  Arrival Time                  0.490
  Slack Time                    0.198
     Clock Rise Edge                 0.000
     + Clock Network Latency (Prop)  0.202
     = Beginpoint Arrival Time       0.202
     +---------------------------------------------------------------------+ 
     |   Instance    |     Arc     |   Cell   | Delay | Arrival | Required | 
     |               |             |          |       |  Time   |   Time   | 
     |---------------+-------------+----------+-------+---------+----------| 
     | s1_valid_reg  | CK ^        |          |       |   0.202 |    0.004 | 
     | s1_valid_reg  | CK ^ -> Q v | DFFRHQX1 | 0.289 |   0.490 |    0.293 | 
     | valid_out_reg | D v         | DFFRHQX1 | 0.000 |   0.490 |    0.293 | 
     +---------------------------------------------------------------------+ 

