###############################################################
#  Generated by:      Cadence Innovus 20.14-s095_1
#  OS:                Linux x86_64(Host ID vlsi-3.iiitk.ac.in)
#  Generated on:      Tue Jun 16 11:31:55 2026
#  Design:            ecc_engine
#  Command:           report_timing -late > reports/postRoute_setup.rpt
###############################################################
Path 1: MET Setup Check with Pin ecc_uncorrectable_reg/CK 
Endpoint:   ecc_uncorrectable_reg/D  (v) checked with  leading edge of 'clk'
Beginpoint: s1_codeword_in_reg[24]/Q (v) triggered by  leading edge of 'clk'
Path Groups: {clk}
Analysis View: slow_view
Other End Arrival Time          0.225
- Setup                         0.010
+ Phase Shift                   2.000
= Required Time                 2.215
- Arrival Time                  2.156
= Slack Time                    0.059
     Clock Rise Edge                 0.000
     + Clock Network Latency (Prop)  0.223
     = Beginpoint Arrival Time       0.223
     +------------------------------------------------------------------------------------+ 
     |          Instance           |     Arc     |   Cell    | Delay | Arrival | Required | 
     |                             |             |           |       |  Time   |   Time   | 
     |-----------------------------+-------------+-----------+-------+---------+----------| 
     | s1_codeword_in_reg[24]      | CK ^        |           |       |   0.223 |    0.282 | 
     | s1_codeword_in_reg[24]      | CK ^ -> Q v | DFFRHQX4  | 0.298 |   0.521 |    0.580 | 
     | FE_OFC385_s1_codeword_in_24 | A v -> Y ^  | INVX3     | 0.074 |   0.595 |    0.653 | 
     | FE_RC_25_0                  | A ^ -> Y v  | NAND2X1   | 0.104 |   0.699 |    0.758 | 
     | FE_RC_413_0                 | B0 v -> Y ^ | OAI21X2   | 0.061 |   0.760 |    0.818 | 
     | FE_OFC116_n_2826            | A ^ -> Y v  | INVX1     | 0.206 |   0.966 |    1.025 | 
     | FE_RC_306_0                 | B v -> Y ^  | NAND2X1   | 0.077 |   1.043 |    1.101 | 
     | FE_RC_1597_0                | B0 ^ -> Y v | OAI21X1   | 0.089 |   1.132 |    1.191 | 
     | FE_OFC107_n_2783            | A v -> Y ^  | INVX1     | 0.084 |   1.216 |    1.275 | 
     | FE_RC_801_0                 | A ^ -> Y v  | NOR2X2    | 0.050 |   1.266 |    1.325 | 
     | FE_OFC276_FE_RN_378_0       | A v -> Y ^  | INVX2     | 0.038 |   1.304 |    1.362 | 
     | FE_RC_115_1                 | A ^ -> Y v  | NAND2X6   | 0.091 |   1.395 |    1.453 | 
     | g20193__8428                | A v -> Y ^  | NOR2X8    | 0.076 |   1.471 |    1.530 | 
     | FE_RC_757_0_dup             | B0 ^ -> Y v | AOI21X4   | 0.041 |   1.512 |    1.571 | 
     | g24209                      | B v -> Y v  | CLKAND2X6 | 0.097 |   1.609 |    1.668 | 
     | g20115__5526_dup            | B v -> Y ^  | NOR2X6    | 0.045 |   1.654 |    1.713 | 
     | FE_OFC261_FE_RN_65          | A ^ -> Y v  | CLKINVX8  | 0.051 |   1.705 |    1.763 | 
     | g20046__5122                | B v -> Y ^  | NOR2X4    | 0.046 |   1.751 |    1.810 | 
     | g20008__4733_dup            | B ^ -> Y v  | NAND2X4   | 0.059 |   1.810 |    1.869 | 
     | g19956__2398                | A v -> Y ^  | NOR2X1    | 0.215 |   2.025 |    2.084 | 
     | g19915__3680                | A1 ^ -> Y v | OAI22X1   | 0.131 |   2.156 |    2.215 | 
     | ecc_uncorrectable_reg       | D v         | DFFRHQX1  | 0.000 |   2.156 |    2.215 | 
     +------------------------------------------------------------------------------------+ 

