###############################################################
#  Generated by:      Cadence Innovus 20.14-s095_1
#  OS:                Linux x86_64(Host ID vlsi-3.iiitk.ac.in)
#  Generated on:      Tue Jun 16 11:32:14 2026
#  Design:            ecc_engine
#  Command:           report_timing -early > reports/postRoute_hold.rpt
###############################################################
Path 1: MET Hold Check with Pin s1_data_reg[46]/CK 
Endpoint:   s1_data_reg[46]/D (v) checked with  leading edge of 'clk'
Beginpoint: data_in[46]       (v) triggered by  leading edge of 'clk'
Path Groups: {clk}
Analysis View: slow_view
Other End Arrival Time          0.221
+ Hold                          0.108
+ Phase Shift                   0.000
= Required Time                 0.329
  Arrival Time                  0.502
  Slack Time                    0.173
     Clock Rise Edge                      0.000
     + Input Delay                        0.300
     + Source Insertion Delay             0.200
     = Beginpoint Arrival Time            0.500
     +-------------------------------------------------------------------------+ 
     |    Instance     |      Arc      |   Cell   | Delay | Arrival | Required | 
     |                 |               |          |       |  Time   |   Time   | 
     |-----------------+---------------+----------+-------+---------+----------| 
     |                 | data_in[46] v |          |       |   0.500 |    0.327 | 
     | s1_data_reg[46] | D v           | DFFRHQX1 | 0.002 |   0.502 |    0.329 | 
     +-------------------------------------------------------------------------+ 

