###############################################################
#  Generated by:      Cadence Innovus 20.14-s095_1
#  OS:                Linux x86_64(Host ID vlsi-3.iiitk.ac.in)
#  Generated on:      Sun Jun 14 11:33:37 2026
#  Design:            ecc_engine
#  Command:           report_timing -late > reports/preCTS_setup.rpt
###############################################################
Path 1: MET Setup Check with Pin data_out_reg[2]/CK 
Endpoint:   data_out_reg[2]/D        (^) checked with  leading edge of 'clk'
Beginpoint: s1_codeword_in_reg[70]/Q (^) triggered by  leading edge of 'clk'
Path Groups: {clk}
Analysis View: slow_view
Other End Arrival Time          0.200
- Setup                         0.124
+ Phase Shift                   2.000
= Required Time                 2.076
- Arrival Time                  2.076
= Slack Time                    0.000
     Clock Rise Edge                 0.000
     + Clock Network Latency (Ideal) 0.200
     = Beginpoint Arrival Time       0.200
     +-------------------------------------------------------------------------------+ 
     |        Instance        |     Arc     |   Cell    | Delay | Arrival | Required | 
     |                        |             |           |       |  Time   |   Time   | 
     |------------------------+-------------+-----------+-------+---------+----------| 
     | s1_codeword_in_reg[70] | CK ^        |           |       |   0.200 |    0.200 | 
     | s1_codeword_in_reg[70] | CK ^ -> Q ^ | DFFRHQX4  | 0.289 |   0.489 |    0.489 | 
     | FE_RC_158_0            | B ^ -> Y v  | NAND2X4   | 0.060 |   0.549 |    0.549 | 
     | FE_RC_563_0            | B0 v -> Y ^ | OAI21X4   | 0.043 |   0.592 |    0.592 | 
     | g20767__6260           | B ^ -> Y v  | NOR2X4    | 0.052 |   0.644 |    0.644 | 
     | g20711__6417           | B0 v -> Y ^ | AOI21X4   | 0.068 |   0.712 |    0.712 | 
     | g24426                 | C ^ -> Y v  | XNOR3X1   | 0.200 |   0.912 |    0.912 | 
     | g24425                 | B v -> Y v  | CLKAND2X6 | 0.106 |   1.017 |    1.018 | 
     | FE_RC_45_0             | B v -> Y ^  | NOR2X8    | 0.052 |   1.069 |    1.070 | 
     | g20193__8428           | B ^ -> Y v  | NOR2X4    | 0.046 |   1.115 |    1.116 | 
     | FE_RC_757_0            | B0 v -> Y ^ | AOI21X4   | 0.059 |   1.175 |    1.175 | 
     | g24209                 | B ^ -> Y ^  | CLKAND2X6 | 0.097 |   1.272 |    1.272 | 
     | g20115__5526           | B ^ -> Y v  | NOR2X8    | 0.044 |   1.315 |    1.315 | 
     | g20077                 | A v -> Y ^  | INVX8     | 0.046 |   1.361 |    1.362 | 
     | g20036__8246           | B ^ -> Y v  | NAND2X8   | 0.069 |   1.431 |    1.431 | 
     | g20016                 | A v -> Y ^  | INVX2     | 0.054 |   1.485 |    1.485 | 
     | g20010__6161           | B ^ -> Y v  | NAND2X4   | 0.052 |   1.537 |    1.537 | 
     | g24207                 | B v -> Y ^  | NAND2BX4  | 0.044 |   1.581 |    1.581 | 
     | g19912__6783           | A ^ -> Y v  | NAND2X6   | 0.074 |   1.655 |    1.655 | 
     | FE_OCPC55_n_2191       | A v -> Y v  | CLKBUFX6  | 0.107 |   1.762 |    1.762 | 
     | FE_RC_527_0            | A v -> Y ^  | NOR2X2    | 0.071 |   1.833 |    1.833 | 
     | FE_RC_526_0            | A ^ -> Y ^  | CLKAND2X8 | 0.121 |   1.953 |    1.954 | 
     | FE_RC_739_0            | A0 ^ -> Y v | AOI21X2   | 0.077 |   2.030 |    2.030 | 
     | g19533__2398           | B0 v -> Y ^ | OAI21X1   | 0.046 |   2.075 |    2.076 | 
     | data_out_reg[2]        | D ^         | DFFRHQX2  | 0.000 |   2.076 |    2.076 | 
     +-------------------------------------------------------------------------------+ 

