Using Power View: slow_view.
#################################################################################
# Design Stage: PreRoute
# Design Name: ecc_engine
# Design Mode: 90nm
# Analysis Mode: MMMC Non-OCV 
# Parasitics Mode: No SPEF/RCDB 
# Signoff Settings: SI Off 
#################################################################################
Calculate delays in Single mode...
Start delay calculation (fullDC) (1 T). (MEM=1474.46)
Total number of fetched objects 2071
AAE_INFO: Total number of nets for which stage creation was skipped for all views 0
End delay calculation. (MEM=1485.98 CPU=0:00:00.1 REAL=0:00:00.0)
End delay calculation (fullDC). (MEM=1485.98 CPU=0:00:00.2 REAL=0:00:00.0)

Begin Power Analysis

             0V	    VSS
          1.08V	    VDD
Begin Processing Timing Library for Power Calculation

Begin Processing Timing Library for Power Calculation



Begin Processing Power Net/Grid for Power Calculation

Ended Processing Power Net/Grid for Power Calculation: (cpu=0:00:00, real=0:00:00, mem(process/total/peak)=1242.48MB/2731.99MB/1378.47MB)

Begin Processing Timing Window Data for Power Calculation

Ended Processing Timing Window Data for Power Calculation: (cpu=0:00:00, real=0:00:00, mem(process/total/peak)=1242.48MB/2731.99MB/1378.47MB)

Begin Processing User Attributes

Ended Processing User Attributes: (cpu=0:00:00, real=0:00:00, mem(process/total/peak)=1242.48MB/2731.99MB/1378.47MB)

Begin Processing Signal Activity


Starting Activity Propagation
2026-Jun-14 11:35:01 (2026-Jun-14 06:05:01 GMT)
2026-Jun-14 11:35:02 (2026-Jun-14 06:05:02 GMT): 10%
2026-Jun-14 11:35:02 (2026-Jun-14 06:05:02 GMT): 20%
2026-Jun-14 11:35:02 (2026-Jun-14 06:05:02 GMT): 30%

Finished Activity Propagation
2026-Jun-14 11:35:02 (2026-Jun-14 06:05:02 GMT)
Ended Processing Signal Activity: (cpu=0:00:00, real=0:00:00, mem(process/total/peak)=1242.48MB/2731.99MB/1378.47MB)

Begin Power Computation

      ----------------------------------------------------------
      # of cell(s) missing both power/leakage table: 0
      # of cell(s) missing power table: 0
      # of cell(s) missing leakage table: 0
      # of MSMV cell(s) missing power_level: 0
      ----------------------------------------------------------



Starting Calculating power
2026-Jun-14 11:35:02 (2026-Jun-14 06:05:02 GMT)
 ... Calculating switching power
2026-Jun-14 11:35:02 (2026-Jun-14 06:05:02 GMT): 10%
2026-Jun-14 11:35:02 (2026-Jun-14 06:05:02 GMT): 20%
2026-Jun-14 11:35:02 (2026-Jun-14 06:05:02 GMT): 30%
2026-Jun-14 11:35:02 (2026-Jun-14 06:05:02 GMT): 40%
2026-Jun-14 11:35:02 (2026-Jun-14 06:05:02 GMT): 50%
 ... Calculating internal and leakage power
2026-Jun-14 11:35:02 (2026-Jun-14 06:05:02 GMT): 60%
2026-Jun-14 11:35:02 (2026-Jun-14 06:05:02 GMT): 70%
2026-Jun-14 11:35:02 (2026-Jun-14 06:05:02 GMT): 80%
2026-Jun-14 11:35:02 (2026-Jun-14 06:05:02 GMT): 90%

Finished Calculating power
2026-Jun-14 11:35:02 (2026-Jun-14 06:05:02 GMT)
Ended Power Computation: (cpu=0:00:00, real=0:00:00, mem(process/total/peak)=1242.48MB/2731.99MB/1378.47MB)

Begin Processing User Attributes

Ended Processing User Attributes: (cpu=0:00:00, real=0:00:00, mem(process/total/peak)=1242.48MB/2731.99MB/1378.47MB)

Ended Power Analysis: (cpu=0:00:00, real=0:00:00, mem(process/total/peak)=1242.48MB/2731.99MB/1378.47MB)

Begin Boundary Leakage Calculation
Ended Boundary Leakage Calculation: (cpu=0:00:00, real=0:00:00,
mem(process/total/peak)=1242.48MB/2731.99MB/1378.47MB)
Begin Static Power Report Generation
*----------------------------------------------------------------------------------------
*	Innovus 20.14-s095_1 (64bit) 04/19/2021 14:41 (Linux 2.6.32-431.11.2.el6.x86_64)
*	
*
* 	Date & Time:	2026-Jun-14 11:35:02 (2026-Jun-14 06:05:02 GMT)
*
*----------------------------------------------------------------------------------------
*
*	Design: ecc_engine
*
*	Liberty Libraries used:
*	        slow_view: /home/install/FOUNDRY/digital/45nm/dig/lib/slow.lib
*
*	Parasitic Files used:
*
*       Power View : slow_view
*
*       User-Defined Activity : N.A.
*
*       Activity File: N.A.
*
*       Hierarchical Global Activity: N.A.
*
*       Global Activity: N.A.
*
*       Sequential Element Activity: 0.200000
*
*       Primary Input Activity: 0.200000
*
*       Default icg ratio: N.A.
*
*       Global Comb ClockGate Ratio: N.A.
*
*	Power Units = 1mW
*
*	Time Units = 1e-09 secs
*
*       report_power
*
-----------------------------------------------------------------------------------------
*



Total Power
-----------------------------------------------------------------------------------------
Total Internal Power:        3.03366857 	   72.1777%
Total Switching Power:       1.16905286 	   27.8144%
Total Leakage Power:         0.00033210 	    0.0079%
Total Power:                 4.20305354
-----------------------------------------------------------------------------------------


Group                           Internal   Switching     Leakage       Total  Percentage 
                                Power      Power         Power         Power  (%)        
-----------------------------------------------------------------------------------------
Sequential                         1.785     0.07038   0.0001008       1.856       44.15
Macro                                  0           0           0           0           0
IO                                     0           0           0           0           0
Combinational                      1.248       1.099   0.0002313       2.347       55.85
Clock (Combinational)                  0           0           0           0           0
Clock (Sequential)                     0           0           0           0           0
-----------------------------------------------------------------------------------------
Total                              3.034       1.169   0.0003321       4.203         100
-----------------------------------------------------------------------------------------


Rail                  Voltage   Internal   Switching     Leakage       Total  Percentage 
                                Power      Power         Power         Power  (%)        
-----------------------------------------------------------------------------------------
VDD                      1.08      3.034       1.169   0.0003321       4.203         100
 
 
-----------------------------------------------------------------------------------------
*	Power Distribution Summary: 
*              Highest Average Power:                    g19876 (CLKINVX16):          0.02152
*              Highest Leakage Power:                    g25193 (NAND3X8):         7.68e-07
*                Total Cap:      8.62956e-12 F
*                Total instances in design:  1930
*                Total instances in design with no power:     0
*                Total instances in design with no activty:     0

*                Total Fillers and Decap:     0
-----------------------------------------------------------------------------------------
 
Ended Static Power Report Generation: (cpu=0:00:00, real=0:00:00,
mem(process/total/peak)=1242.48MB/2731.99MB/1378.47MB)

