###############################################################
#  Generated by:      Cadence Innovus 20.14-s095_1
#  OS:                Linux x86_64(Host ID vlsi-3.iiitk.ac.in)
#  Generated on:      Sun Jun 14 11:33:59 2026
#  Design:            ecc_engine
#  Command:           report_timing -early > reports/preCTS_hold.rpt
###############################################################
Path 1: MET Hold Check with Pin valid_out_reg/CK 
Endpoint:   valid_out_reg/D (v) checked with  leading edge of 'clk'
Beginpoint: s1_valid_reg/Q  (v) triggered by  leading edge of 'clk'
Path Groups: {clk}
Analysis View: slow_view
Other End Arrival Time          0.200
+ Hold                          0.055
+ Phase Shift                   0.000
= Required Time                 0.255
  Arrival Time                  0.456
  Slack Time                    0.200
     Clock Rise Edge                 0.000
     + Clock Network Latency (Ideal) 0.200
     = Beginpoint Arrival Time       0.200
     +---------------------------------------------------------------------+ 
     |   Instance    |     Arc     |   Cell   | Delay | Arrival | Required | 
     |               |             |          |       |  Time   |   Time   | 
     |---------------+-------------+----------+-------+---------+----------| 
     | s1_valid_reg  | CK ^        |          |       |   0.200 |   -0.000 | 
     | s1_valid_reg  | CK ^ -> Q v | DFFRHQX1 | 0.256 |   0.456 |    0.255 | 
     | valid_out_reg | D v         | DFFRHQX1 | 0.000 |   0.456 |    0.255 | 
     +---------------------------------------------------------------------+ 

