###############################################################
#  Generated by:      Cadence Innovus 20.14-s095_1
#  OS:                Linux x86_64(Host ID vlsi-3.iiitk.ac.in)
#  Generated on:      Tue Jun 16 14:46:01 2026
#  Design:            ecc_engine
#  Command:           report_timing -late > reports/signoff_setup.rpt
###############################################################
Path 1: MET Setup Check with Pin ecc_uncorrectable_reg/CK 
Endpoint:   ecc_uncorrectable_reg/D  (v) checked with  leading edge of 'clk'
Beginpoint: s1_codeword_in_reg[24]/Q (v) triggered by  leading edge of 'clk'
Path Groups: {clk}
Analysis View: slow_view
Other End Arrival Time          0.218
- Setup                         0.010
+ Phase Shift                   2.000
= Required Time                 2.208
- Arrival Time                  2.151
= Slack Time                    0.057
     Clock Rise Edge                 0.000
     + Clock Network Latency (Prop)  0.216
     = Beginpoint Arrival Time       0.216
     +------------------------------------------------------------------------------------+ 
     |          Instance           |     Arc     |   Cell    | Delay | Arrival | Required | 
     |                             |             |           |       |  Time   |   Time   | 
     |-----------------------------+-------------+-----------+-------+---------+----------| 
     | s1_codeword_in_reg[24]      | CK ^        |           |       |   0.216 |    0.274 | 
     | s1_codeword_in_reg[24]      | CK ^ -> Q v | DFFRHQX4  | 0.298 |   0.514 |    0.572 | 
     | FE_OFC385_s1_codeword_in_24 | A v -> Y ^  | INVX3     | 0.074 |   0.588 |    0.645 | 
     | FE_RC_25_0                  | A ^ -> Y v  | NAND2X1   | 0.104 |   0.692 |    0.749 | 
     | FE_RC_413_0                 | B0 v -> Y ^ | OAI21X2   | 0.061 |   0.753 |    0.810 | 
     | FE_OFC116_n_2826            | A ^ -> Y v  | INVX1     | 0.206 |   0.959 |    1.016 | 
     | FE_RC_306_0                 | B v -> Y ^  | NAND2X1   | 0.077 |   1.036 |    1.093 | 
     | FE_RC_1597_0                | B0 ^ -> Y v | OAI21X1   | 0.089 |   1.125 |    1.182 | 
     | FE_OFC107_n_2783            | A v -> Y ^  | INVX1     | 0.084 |   1.209 |    1.267 | 
     | FE_RC_801_0                 | A ^ -> Y v  | NOR2X2    | 0.050 |   1.259 |    1.317 | 
     | FE_OFC276_FE_RN_378_0       | A v -> Y ^  | INVX2     | 0.038 |   1.297 |    1.354 | 
     | FE_RC_115_1                 | A ^ -> Y v  | NAND2X6   | 0.094 |   1.391 |    1.448 | 
     | g20193__8428                | A v -> Y ^  | NOR2X8    | 0.076 |   1.467 |    1.524 | 
     | FE_RC_757_0_dup             | B0 ^ -> Y v | AOI21X4   | 0.041 |   1.508 |    1.565 | 
     | g24209                      | B v -> Y v  | CLKAND2X6 | 0.096 |   1.604 |    1.662 | 
     | g20115__5526_dup            | B v -> Y ^  | NOR2X6    | 0.044 |   1.648 |    1.706 | 
     | FE_OFC261_FE_RN_65          | A ^ -> Y v  | CLKINVX8  | 0.051 |   1.699 |    1.756 | 
     | g20046__5122                | B v -> Y ^  | NOR2X4    | 0.046 |   1.745 |    1.803 | 
     | g20008__4733_dup            | B ^ -> Y v  | NAND2X4   | 0.059 |   1.804 |    1.862 | 
     | g19956__2398                | A v -> Y ^  | NOR2X1    | 0.215 |   2.020 |    2.077 | 
     | g19915__3680                | A1 ^ -> Y v | OAI22X1   | 0.131 |   2.151 |    2.208 | 
     | ecc_uncorrectable_reg       | D v         | DFFRHQX1  | 0.000 |   2.151 |    2.208 | 
     +------------------------------------------------------------------------------------+ 

