============================================================
  Generated by:           Genus(TM) Synthesis Solution 20.11-s111_1
  Generated on:           Jun 14 2026  10:12:50 am
  Module:                 ecc_engine
  Operating conditions:   slow (balanced_tree)
  Wireload mode:          enclosed
  Area mode:              timing library
============================================================

                             
   Gate     Instances  Area  Library 
-------------------------------------
AO21X4              1  0.000    slow 
AO22X4             10  0.000    slow 
AOI211X4            2  0.000    slow 
AOI21X1             1  0.000    slow 
AOI21X2            30  0.000    slow 
AOI21X4            24  0.000    slow 
AOI221X4            1  0.000    slow 
AOI22X2             2  0.000    slow 
AOI22X4             6  0.000    slow 
AOI2BB1X1           2  0.000    slow 
AOI2BB1X4          16  0.000    slow 
AOI2BB2X1          30  0.000    slow 
AOI2BB2X2           3  0.000    slow 
AOI31X2             3  0.000    slow 
AOI31X4             1  0.000    slow 
BUFX3               2  0.000    slow 
BUFX6               1  0.000    slow 
CLKAND2X12         14  0.000    slow 
CLKAND2X3           6  0.000    slow 
CLKAND2X6          12  0.000    slow 
CLKINVX1           28  0.000    slow 
CLKINVX12           1  0.000    slow 
CLKINVX16           2  0.000    slow 
CLKINVX2           84  0.000    slow 
CLKINVX20          49  0.000    slow 
CLKINVX3           17  0.000    slow 
CLKINVX4           45  0.000    slow 
CLKINVX6            8  0.000    slow 
CLKINVX8           30  0.000    slow 
CLKMX2X12          37  0.000    slow 
CLKMX2X3           34  0.000    slow 
CLKXOR2X1           3  0.000    slow 
DFFRHQX1           93  0.000    slow 
DFFRHQX2           44  0.000    slow 
DFFRHQX4           73  0.000    slow 
INVX6              19  0.000    slow 
INVXL               4  0.000    slow 
MX2X1               2  0.000    slow 
MX2XL               1  0.000    slow 
MXI2X1             18  0.000    slow 
NAND2BX4           18  0.000    slow 
NAND2X1             4  0.000    slow 
NAND2X2            19  0.000    slow 
NAND2X4            31  0.000    slow 
NAND2X6            16  0.000    slow 
NAND2X8            21  0.000    slow 
NAND3BX4            1  0.000    slow 
NAND3X1             1  0.000    slow 
NAND3X2             3  0.000    slow 
NAND3X8             1  0.000    slow 
NOR2BX1            29  0.000    slow 
NOR2BX2             2  0.000    slow 
NOR2BX4            60  0.000    slow 
NOR2X1             71  0.000    slow 
NOR2X2             40  0.000    slow 
NOR2X4             81  0.000    slow 
NOR2X6             40  0.000    slow 
NOR2X8             31  0.000    slow 
NOR3BX4             1  0.000    slow 
NOR3X2              1  0.000    slow 
NOR3X4              2  0.000    slow 
NOR3X6              2  0.000    slow 
NOR3X8              7  0.000    slow 
NOR4BX4             1  0.000    slow 
OA21X4              3  0.000    slow 
OA22X1              1  0.000    slow 
OA22X4             38  0.000    slow 
OAI21X1            43  0.000    slow 
OAI21X2            21  0.000    slow 
OAI21X4            22  0.000    slow 
OAI222X2            1  0.000    slow 
OAI22X1             1  0.000    slow 
OAI22X4             7  0.000    slow 
OAI2BB1X4           6  0.000    slow 
OAI2BB2X4           1  0.000    slow 
OAI31X4             5  0.000    slow 
OR2X6               2  0.000    slow 
OR2X8               4  0.000    slow 
OR3X6               1  0.000    slow 
SDFFRHQX1          74  0.000    slow 
SDFFRHQX2           2  0.000    slow 
XNOR2X1             1  0.000    slow 
XNOR2X4            48  0.000    slow 
XNOR2XL             1  0.000    slow 
XNOR3X1             6  0.000    slow 
XNOR3XL             1  0.000    slow 
XOR2X4             32  0.000    slow 
XOR3X1              3  0.000    slow 
XOR3XL              8  0.000    slow 
-------------------------------------
total            1574  0.000         


                                      
     Type      Instances  Area Area % 
--------------------------------------
sequential           286 0.000    0.0 
inverter             287 0.000    0.0 
buffer                 3 0.000    0.0 
logic                998 0.000    0.0 
physical_cells         0 0.000    0.0 
--------------------------------------
total               1574 0.000    0.0 

