============================================================
  Generated by:           Genus(TM) Synthesis Solution 20.11-s111_1
  Generated on:           Jun 14 2026  10:35:12 am
  Module:                 ecc_engine
  Operating conditions:   slow 
  Interconnect mode:      global
  Area mode:              physical library
============================================================

Timing
--------

Clock Period 
-------------
clk   2000.0 


  Cost    Critical              Violating 
 Group   Path Slack     TNS       Paths   
------------------------------------------
clk          -181.4   -11233.8         66 
default    No paths        0.0            
------------------------------------------
Total                 -11233.8         66 

Instance Count
--------------
Leaf Instance Count             2332 
Physical Instance count            0 
Sequential Instance Count        286 
Combinational Instance Count    2046 
Hierarchical Instance Count        0 

Area
----
Cell Area                          9906.201
Physical Cell Area                 0.000
Total Cell Area (Cell+Physical)    9906.201
Net Area                           2603.273
Total Area (Cell+Physical+Net)     12509.474

Max Fanout                         286 (clk)
Min Fanout                         0 (rst_n)
Average Fanout                     2.0
Terms to net ratio                 2.9826
Terms to instance ratio            3.1630
Runtime                            399.5331630000001 seconds
Elapsed Runtime                    2826 seconds
Genus peak memory usage            1238.03 
Innovus peak memory usage          no_value 
Hostname                           localhost
