============================================================
  Generated by:           Genus(TM) Synthesis Solution 20.11-s111_1
  Generated on:           Jun 14 2026  10:11:37 am
  Module:                 ecc_engine
  Operating conditions:   slow (balanced_tree)
  Wireload mode:          enclosed
  Area mode:              timing library
============================================================


Path 1: MET (0 ps) Setup Check with Pin data_out_reg[11]/CK->D
          Group: clk
     Startpoint: (R) s1_codeword_in_reg[16]/CK
          Clock: (R) clk
       Endpoint: (R) data_out_reg[11]/D
          Clock: (R) clk

                     Capture       Launch     
        Clock Edge:+    2000            0     
       Src Latency:+     200          200     
       Net Latency:+       0 (I)        0 (I) 
           Arrival:=    2200          200     
                                              
             Setup:-     112                  
     Required Time:=    2088                  
      Launch Clock:-     200                  
         Data Path:-    1888                  
             Slack:=       0                  

#--------------------------------------------------------------------------------------------------
#       Timing Point        Flags   Arc   Edge   Cell     Fanout Load Trans Delay Arrival Instance 
#                                                                (fF)  (ps)  (ps)   (ps)  Location 
#--------------------------------------------------------------------------------------------------
  s1_codeword_in_reg[16]/CK -       -     R     (arrival)    286    -     0     0     200    (-,-) 
  s1_codeword_in_reg[16]/Q  -       CK->Q R     DFFRHQX4       1  5.4    51   269     469    (-,-) 
  g21940/Y                  -       A->Y  F     CLKINVX8       2  3.1    20    29     498    (-,-) 
  g22688/Y                  -       S0->Y R     CLKMX2X12      2  7.3   105   298     797    (-,-) 
  g21025/Y                  -       A->Y  F     CLKINVX6       1  4.6    36    52     849    (-,-) 
  g20749__6131/Y            -       B->Y  R     NOR2X6         1  6.1    57    41     891    (-,-) 
  g20701__5122/Y            -       B->Y  F     NOR2X8         2  7.4    40    38     929    (-,-) 
  g20612/Y                  -       A->Y  R     CLKINVX4       1  4.5    27    29     958    (-,-) 
  g20420__9315/Y            -       B->Y  F     NOR2X6         1  6.1    39    28     986    (-,-) 
  g20378__5526/Y            -       B->Y  R     NOR2X8         2  8.7    60    44    1030    (-,-) 
  g20352/Y                  -       A->Y  F     INVX6          1  4.6    27    36    1066    (-,-) 
  g20280__7410/Y            -       B->Y  R     NOR2X6         1  4.5    51    35    1101    (-,-) 
  g20255__3680/Y            -       B->Y  F     NOR2X6         2  5.8    37    36    1137    (-,-) 
  g20237/Y                  -       A->Y  R     CLKINVX4       1  3.0    21    25    1162    (-,-) 
  g20174__9945/Y            -       B->Y  F     NOR2X4         1  4.6    42    27    1190    (-,-) 
  g20167__5526/Y            -       B->Y  R     NOR2X6         2  5.9    56    43    1232    (-,-) 
  g20159/Y                  -       A->Y  F     CLKINVX4       1  4.5    31    37    1270    (-,-) 
  g20125__8246/Y            -       B->Y  R     NAND2X6        1  6.1    34    28    1297    (-,-) 
  g20118__8428/Y            -       B->Y  F     NAND2X8        3 10.1    73    53    1350    (-,-) 
  g20093/Y                  -       A->Y  R     CLKINVX8       4 13.9    43    45    1396    (-,-) 
  g20099/Y                  -       A->Y  F     CLKINVX3       4  6.7    48    42    1438    (-,-) 
  g19988__9945/Y            -       B->Y  R     NOR3X2         1  1.6    94    76    1514    (-,-) 
  g19937__9315/Y            -       A0->Y F     AOI21X2        1  1.5    70    84    1598    (-,-) 
  g19930/Y                  -       A->Y  R     CLKINVX2       1  3.1    34    42    1640    (-,-) 
  g19895__6417/Y            -       A->Y  F     NOR2X4         4  5.8    43    38    1678    (-,-) 
  g19890/Y                  -       A->Y  R     CLKINVX2       1  1.2    18    26    1704    (-,-) 
  g19873__8246/Y            -       A->Y  R     CLKAND2X3      2  6.0    49    85    1789    (-,-) 
  g19868/Y                  -       A->Y  F     CLKINVX2       1  3.0    35    38    1827    (-,-) 
  g19853__5477/Y            -       B->Y  R     NOR2X4         3  4.6    62    44    1871    (-,-) 
  g19847/Y                  -       A->Y  F     CLKINVX2       4  3.6    41    45    1916    (-,-) 
  g19779__3680/Y            -       B->Y  R     NOR2BX1        1  0.8    53    41    1957    (-,-) 
  g19615__5122/Y            -       B0->Y F     AOI2BB2X1      1  1.5   124    73    2030    (-,-) 
  g19541__6161/Y            -       B0->Y R     OAI21X2        1  0.8    54    58    2088    (-,-) 
  data_out_reg[11]/D        <<<     -     R     DFFRHQX1       1    -     -     0    2088    (-,-) 
#--------------------------------------------------------------------------------------------------

